Canonical scene: generator=voxel-nexus-canonical-dense version=1 seed=6219286665078134867 dimensions=256x128x256 origin=-8,-4,-8 voxel_size=0.0625 materials=canonical-warm,canonical-green,canonical-blue material_colors=0.95,0.22,0.1,1;0.12,0.75,0.28,1;0.1,0.32,0.95,1 occupied=3366912 exposed_faces=217856 exposed_face_limit=224000
Canonical camera: camera=overview eye=20,14,22 target=0,0,0 up=0,1,0 fov_degrees=50 near=0.1 far=100
Vulkan drawable extent: 800x600
Vulkan device: NVIDIA GeForce RTX 4070
Driver version: 2497200128 (0x94d84000)
Vulkan API version: 1.4.329
Vulkan validation: enabled
Vulkan present mode: FIFO
GPU timestamp valid bits: 64
GPU timestamp period nanoseconds: 1
Background raster preparation paused: revision=1
Desktop lifecycle serviced while preparation paused: resize=1084x661
Desktop lifecycle serviced while preparation paused: resize=634x861
Desktop lifecycle serviced while preparation paused: suspended
Desktop lifecycle serviced while preparation paused: resize=634x861
Background raster preparation released
Raster artifact installed: revision=1 count=1
First matching raster frame presented: revision=1
Canonical camera presented: camera=overview
Canonical camera presented: camera=cavity
Canonical camera presented: camera=boundary
Deterministic camera move started: steps=120
Deterministic camera move completed: steps=120
