    Checking windows-link v0.2.1
    Checking itoa v1.0.18
    Checking serde_core v1.0.228
    Checking memchr v2.8.3
    Checking zmij v1.0.21
    Checking typenum v1.20.1
    Checking thiserror v2.0.18
    Checking windows_x86_64_msvc v0.52.6
    Checking tracing-core v0.1.36
    Checking pin-project-lite v0.2.17
    Checking raw-window-handle v0.6.2
   Compiling raster-render-path v0.1.0 (E:\Programming\voxel-nexus-issue29-proof-80eb207\crates\raster-render-path)
    Checking libloading v0.8.9
    Checking windows-targets v0.52.6
    Checking voxel-frontend v0.1.0 (E:\Programming\voxel-nexus-issue29-proof-80eb207\crates\voxel-frontend)
    Checking unicode-segmentation v1.13.3
    Checking cursor-icon v1.2.0
    Checking windows-sys v0.52.0
    Checking cpufeatures v0.2.17
    Checking ash v0.38.0+1.3.281
    Checking cfg-if v1.0.4
    Checking smol_str v0.2.2
    Checking bitflags v2.13.0
    Checking dpi v0.1.2
    Checking tracing v0.1.44
    Checking canonical-scene v0.1.0 (E:\Programming\voxel-nexus-issue29-proof-80eb207\crates\canonical-scene)
    Checking windows-sys v0.59.0
    Checking generic-array v0.14.7
    Checking crypto-common v0.1.7
    Checking block-buffer v0.10.4
    Checking digest v0.10.7
    Checking sha2 v0.10.9
    Checking serde_json v1.0.150
    Checking serde v1.0.228
    Checking measurement-evidence v0.1.0 (E:\Programming\voxel-nexus-issue29-proof-80eb207\crates\measurement-evidence)
    Checking completion-evidence v0.1.0 (E:\Programming\voxel-nexus-issue29-proof-80eb207\crates\completion-evidence)
    Checking winit v0.30.13
    Checking render-backend v0.1.0 (E:\Programming\voxel-nexus-issue29-proof-80eb207\crates\render-backend)
    Checking ash-window v0.13.0
    Checking canonical-inspection v0.1.0 (E:\Programming\voxel-nexus-issue29-proof-80eb207\crates\canonical-inspection)
    Checking desktop-demo v0.1.0 (E:\Programming\voxel-nexus-issue29-proof-80eb207\apps\desktop-demo)
    Finished `dev` profile [unoptimized + debuginfo] target(s) in 8.50s
